[debug] [2026-04-26T17:35:45.061Z] ----------------------------------------------------------------------
[debug] [2026-04-26T17:35:45.063Z] Command:       /Users/zero/.nvm/versions/node/v22.19.0/bin/node /Users/zero/.nvm/versions/node/v22.19.0/bin/firebase deploy
[debug] [2026-04-26T17:35:45.063Z] CLI Version:   14.24.2
[debug] [2026-04-26T17:35:45.063Z] Platform:      darwin
[debug] [2026-04-26T17:35:45.063Z] Node Version:  v22.19.0
[debug] [2026-04-26T17:35:45.063Z] Time:          Sun Apr 26 2026 12:35:45 GMT-0500 (Peru Standard Time)
[debug] [2026-04-26T17:35:45.063Z] ----------------------------------------------------------------------
[debug] 
[debug] [2026-04-26T17:35:45.064Z] >>> [apiv2][query] GET https://firebase-public.firebaseio.com/cli.json [none]
[debug] [2026-04-26T17:35:45.197Z] > command requires scopes: ["email","openid","https://www.googleapis.com/auth/cloudplatformprojects.readonly","https://www.googleapis.com/auth/firebase","https://www.googleapis.com/auth/cloud-platform"]
[debug] [2026-04-26T17:35:45.197Z] > authorizing via signed-in user (jhonlivias3@gmail.com)
[debug] [2026-04-26T17:35:45.197Z] [iam] checking project novedadesmaritex-a3550 for permissions ["firebase.projects.get","firebasehosting.sites.update"]
[debug] [2026-04-26T17:35:45.197Z] Checked if tokens are valid: false, expires at: 1766071007397
[debug] [2026-04-26T17:35:45.197Z] Checked if tokens are valid: false, expires at: 1766071007397
[debug] [2026-04-26T17:35:45.197Z] > refreshing access token with scopes: []
[debug] [2026-04-26T17:35:45.198Z] >>> [apiv2][query] POST https://www.googleapis.com/oauth2/v3/token [none]
[debug] [2026-04-26T17:35:45.198Z] >>> [apiv2][body] POST https://www.googleapis.com/oauth2/v3/token [omitted]
[debug] [2026-04-26T17:35:45.366Z] <<< [apiv2][status] POST https://www.googleapis.com/oauth2/v3/token 400
[debug] [2026-04-26T17:35:45.366Z] <<< [apiv2][body] POST https://www.googleapis.com/oauth2/v3/token [omitted]
[debug] [2026-04-26T17:35:45.366Z] >>> [apiv2][query] POST https://cloudresourcemanager.googleapis.com/v1/projects/novedadesmaritex-a3550:testIamPermissions [none]
[debug] [2026-04-26T17:35:45.366Z] >>> [apiv2][(partial)header] POST https://cloudresourcemanager.googleapis.com/v1/projects/novedadesmaritex-a3550:testIamPermissions x-goog-quota-user=projects/novedadesmaritex-a3550
[debug] [2026-04-26T17:35:45.366Z] >>> [apiv2][body] POST https://cloudresourcemanager.googleapis.com/v1/projects/novedadesmaritex-a3550:testIamPermissions {"permissions":["firebase.projects.get","firebasehosting.sites.update"]}
[debug] [2026-04-26T17:35:45.657Z] <<< [apiv2][status] GET https://firebase-public.firebaseio.com/cli.json 200
[debug] [2026-04-26T17:35:45.658Z] <<< [apiv2][body] GET https://firebase-public.firebaseio.com/cli.json {"cloudBuildErrorAfter":1594252800000,"cloudBuildWarnAfter":1590019200000,"defaultNode10After":1594252800000,"minVersion":"3.0.5","node8DeploysDisabledAfter":1613390400000,"node8RuntimeDisabledAfter":1615809600000,"node8WarnAfter":1600128000000}
[debug] [2026-04-26T17:35:46.601Z] <<< [apiv2][status] POST https://cloudresourcemanager.googleapis.com/v1/projects/novedadesmaritex-a3550:testIamPermissions 401
[debug] [2026-04-26T17:35:46.602Z] <<< [apiv2][body] POST https://cloudresourcemanager.googleapis.com/v1/projects/novedadesmaritex-a3550:testIamPermissions {"error":{"code":401,"message":"Request had invalid authentication credentials. Expected OAuth 2 access token, login cookie or other valid authentication credential. See https://developers.google.com/identity/sign-in/web/devconsole-project.","status":"UNAUTHENTICATED","details":[{"@type":"type.googleapis.com/google.rpc.ErrorInfo","reason":"ACCESS_TOKEN_TYPE_UNSUPPORTED","metadata":{"service":"cloudresourcemanager.googleapis.com","method":"google.cloudresourcemanager.v1.Projects.TestIamPermissions"}}]}}
[debug] [2026-04-26T17:35:46.602Z] Got a 401 Unauthenticated error for a call that required authentication. Refreshing tokens.
[debug] [2026-04-26T17:35:46.603Z] Checked if tokens are valid: false, expires at: 1766071007397
[debug] [2026-04-26T17:35:46.603Z] Checked if tokens are valid: false, expires at: 1766071007397
[debug] [2026-04-26T17:35:46.603Z] > refreshing access token with scopes: []
[debug] [2026-04-26T17:35:46.604Z] >>> [apiv2][query] POST https://www.googleapis.com/oauth2/v3/token [none]
[debug] [2026-04-26T17:35:46.604Z] >>> [apiv2][body] POST https://www.googleapis.com/oauth2/v3/token [omitted]
[debug] [2026-04-26T17:35:46.669Z] <<< [apiv2][status] POST https://www.googleapis.com/oauth2/v3/token 400
[debug] [2026-04-26T17:35:46.669Z] <<< [apiv2][body] POST https://www.googleapis.com/oauth2/v3/token [omitted]
[debug] [2026-04-26T17:35:46.672Z] [iam] error while checking permissions, command may fail: Request to https://cloudresourcemanager.googleapis.com/v1/projects/novedadesmaritex-a3550:testIamPermissions had HTTP Error: 401, Request had invalid authentication credentials. Expected OAuth 2 access token, login cookie or other valid authentication credential. See https://developers.google.com/identity/sign-in/web/devconsole-project.
[debug] [2026-04-26T17:35:46.674Z] Checked if tokens are valid: false, expires at: 1766071007397
[debug] [2026-04-26T17:35:46.674Z] Checked if tokens are valid: false, expires at: 1766071007397
[debug] [2026-04-26T17:35:46.674Z] > refreshing access token with scopes: []
[debug] [2026-04-26T17:35:46.675Z] >>> [apiv2][query] POST https://www.googleapis.com/oauth2/v3/token [none]
[debug] [2026-04-26T17:35:46.675Z] >>> [apiv2][body] POST https://www.googleapis.com/oauth2/v3/token [omitted]
[debug] [2026-04-26T17:35:46.752Z] <<< [apiv2][status] POST https://www.googleapis.com/oauth2/v3/token 400
[debug] [2026-04-26T17:35:46.752Z] <<< [apiv2][body] POST https://www.googleapis.com/oauth2/v3/token [omitted]
[debug] [2026-04-26T17:35:46.753Z] >>> [apiv2][query] GET https://firebase.googleapis.com/v1beta1/projects/novedadesmaritex-a3550 [none]
[debug] [2026-04-26T17:35:46.931Z] <<< [apiv2][status] GET https://firebase.googleapis.com/v1beta1/projects/novedadesmaritex-a3550 401
[debug] [2026-04-26T17:35:46.931Z] <<< [apiv2][body] GET https://firebase.googleapis.com/v1beta1/projects/novedadesmaritex-a3550 {"error":{"code":401,"message":"Request had invalid authentication credentials. Expected OAuth 2 access token, login cookie or other valid authentication credential. See https://developers.google.com/identity/sign-in/web/devconsole-project.","status":"UNAUTHENTICATED"}}
[debug] [2026-04-26T17:35:46.931Z] Got a 401 Unauthenticated error for a call that required authentication. Refreshing tokens.
[debug] [2026-04-26T17:35:46.931Z] Checked if tokens are valid: false, expires at: 1766071007397
[debug] [2026-04-26T17:35:46.931Z] Checked if tokens are valid: false, expires at: 1766071007397
[debug] [2026-04-26T17:35:46.931Z] > refreshing access token with scopes: []
[debug] [2026-04-26T17:35:46.932Z] >>> [apiv2][query] POST https://www.googleapis.com/oauth2/v3/token [none]
[debug] [2026-04-26T17:35:46.932Z] >>> [apiv2][body] POST https://www.googleapis.com/oauth2/v3/token [omitted]
[debug] [2026-04-26T17:35:46.989Z] <<< [apiv2][status] POST https://www.googleapis.com/oauth2/v3/token 400
[debug] [2026-04-26T17:35:46.990Z] <<< [apiv2][body] POST https://www.googleapis.com/oauth2/v3/token [omitted]
[debug] [2026-04-26T17:35:46.990Z] Request to https://firebase.googleapis.com/v1beta1/projects/novedadesmaritex-a3550 had HTTP Error: 401, Request had invalid authentication credentials. Expected OAuth 2 access token, login cookie or other valid authentication credential. See https://developers.google.com/identity/sign-in/web/devconsole-project.
[error] 
[error] Error: Assertion failed: resolving hosting target of a site with no site name or target name. This should have caused an error earlier
